[debug] [2021-11-02T12:20:38.177Z] ----------------------------------------------------------------------
[debug] [2021-11-02T12:20:38.180Z] Command:       C:\Program Files\nodejs\node.exe C:\Users\Hoajp\AppData\Roaming\npm\node_modules\firebase-tools\lib\bin\firebase.js init
[debug] [2021-11-02T12:20:38.181Z] CLI Version:   9.21.0
[debug] [2021-11-02T12:20:38.182Z] Platform:      win32
[debug] [2021-11-02T12:20:38.182Z] Node Version:  v16.13.0
[debug] [2021-11-02T12:20:38.183Z] Time:          Tue Nov 02 2021 19:20:38 GMT+0700 (Indochina Time)
[debug] [2021-11-02T12:20:38.184Z] ----------------------------------------------------------------------
[debug] 
[debug] [2021-11-02T12:20:38.200Z] > command requires scopes: ["email","openid","https://www.googleapis.com/auth/cloudplatformprojects.readonly","https://www.googleapis.com/auth/firebase","https://www.googleapis.com/auth/cloud-platform"]
[debug] [2021-11-02T12:20:38.201Z] > authorizing via signed-in user (hoajphong108@gmail.com)
[info] 
     ######## #### ########  ######## ########     ###     ######  ########
     ##        ##  ##     ## ##       ##     ##  ##   ##  ##       ##
     ######    ##  ########  ######   ########  #########  ######  ######
     ##        ##  ##    ##  ##       ##     ## ##     ##       ## ##
     ##       #### ##     ## ######## ########  ##     ##  ######  ########

You're about to initialize a Firebase project in this directory:

  C:\Users\Hoajp\OneDrive\Desktop\mon anh Tot\bt cuoi mon\green-market

[info] 
=== Project Setup
[info] 
[info] First, let's associate this project directory with a Firebase project.
[info] You can create multiple project aliases by running firebase use --add, 
[info] but for now we'll just set up a default project.
[info] 
[info] i  If you want to create a project in a Google Cloud organization or folder, please use "firebase projects:create" instead, and return to this command when you've created the project. 
